Arguments: 
  /usr/bin/node /usr/local/bin/yarn add bcript

PATH: 
  /usr/local/sbin:/usr/local/bin:/usr/sbin:/usr/bin:/sbin:/bin:/usr/games:/usr/local/games:/snap/bin

Yarn version: 
  1.22.10

Node version: 
  10.19.0

Platform: 
  linux x64

Trace: 
  Error: https://registry.yarnpkg.com/bcript: Not found
      at Request.params.callback [as _callback] (/usr/local/lib/node_modules/yarn/lib/cli.js:66988:18)
      at Request.self.callback (/usr/local/lib/node_modules/yarn/lib/cli.js:140662:22)
      at Request.emit (events.js:198:13)
      at Request.<anonymous> (/usr/local/lib/node_modules/yarn/lib/cli.js:141634:10)
      at Request.emit (events.js:198:13)
      at IncomingMessage.<anonymous> (/usr/local/lib/node_modules/yarn/lib/cli.js:141556:12)
      at Object.onceWrapper (events.js:286:20)
      at IncomingMessage.emit (events.js:203:15)
      at endReadableNT (_stream_readable.js:1145:12)
      at process._tickCallback (internal/process/next_tick.js:63:19)

npm manifest: 
  {
    "name": "desafio",
    "version": "1.0.0",
    "description": "Desafio Player 2 trilha back-end, eu já sou um player",
    "main": "index.js",
    "scripts": {
      "dev": "ts-node-dev src/server.ts",
      "typeorm": "ts-node-dev ./node_modules/typeorm/cli.js",
      "test": "echo \"Error: no test specified\" && exit 1"
    },
    "repository": {
      "type": "git",
      "url": "git+https://github.com/luiscaputo/desafio-player.git"
    },
    "keywords": [],
    "author": "Luís Afonso Caputo",
    "license": "ISC",
    "bugs": {
      "url": "https://github.com/luiscaputo/desafio-player/issues"
    },
    "homepage": "https://github.com/luiscaputo/desafio-player#readme",
    "dependencies": {
      "@types/express": "^4.17.13",
      "express": "^4.17.1",
      "reflect-metadata": "^0.1.13",
      "ts-node-dev": "^1.1.8",
      "tsc-init": "^2.1.0",
      "typeorm": "^0.2.36"
    },
    "devDependencies": {
      "typescript": "^4.3.5"
    }
  }

yarn manifest: 
  No manifest

Lockfile: 
  No lockfile
